[0m20:10:57.836905 [debug] [MainThread]: Sending event: {'category': 'dbt', 'action': 'invocation', 'label': 'start', 'context': [<snowplow_tracker.self_describing_json.SelfDescribingJson object at 0x106f36090>, <snowplow_tracker.self_describing_json.SelfDescribingJson object at 0x106d2c110>, <snowplow_tracker.self_describing_json.SelfDescribingJson object at 0x106f578d0>]}


============================== 20:10:57.839952 | 7414b748-3d10-48bf-b981-d48283fa7dc7 ==============================
[0m20:10:57.839952 [info ] [MainThread]: Running with dbt=1.8.2
[0m20:10:57.840350 [debug] [MainThread]: running dbt with arguments {'printer_width': '80', 'indirect_selection': 'eager', 'log_cache_events': 'False', 'write_json': 'True', 'partial_parse': 'True', 'cache_selected_only': 'False', 'profiles_dir': '/Users/momen.jamil/.dbt', 'debug': 'False', 'warn_error': 'None', 'log_path': 'logs', 'fail_fast': 'False', 'version_check': 'True', 'use_colors': 'True', 'use_experimental_parser': 'False', 'no_print': 'None', 'quiet': 'False', 'log_format': 'default', 'static_parser': 'True', 'warn_error_options': 'WarnErrorOptions(include=[], exclude=[])', 'introspect': 'True', 'target_path': 'None', 'invocation_command': 'dbt init my_side_project', 'send_anonymous_usage_stats': 'True'}
[0m20:10:57.851887 [warn ] [MainThread]: [ConfigFolderDirectory]: Unable to parse logging event dictionary. Failed to parse dir field: expected string or bytes-like object, got 'PosixPath'.. Dictionary: {'dir': PosixPath('/Users/momen.jamil/.dbt')}
[0m20:10:57.852137 [info ] [MainThread]: Creating dbt configuration folder at 
[0m20:10:57.853235 [debug] [MainThread]: Starter project path: /Library/Frameworks/Python.framework/Versions/3.11/lib/python3.11/site-packages/dbt/include/starter_project
[0m20:10:57.857992 [info ] [MainThread]: 
Your new dbt project "my_side_project" was created!

For more information on how to configure the profiles.yml file,
please consult the dbt documentation here:

  https://docs.getdbt.com/docs/configure-your-profile

One more thing:

Need help? Don't hesitate to reach out to us via GitHub issues or on Slack:

  https://community.getdbt.com/

Happy modeling!

[0m20:10:57.858488 [info ] [MainThread]: Setting up your profile.
[0m20:18:08.852299 [error] [MainThread]: Encountered an error:

[0m20:18:08.866552 [error] [MainThread]: Traceback (most recent call last):
  File "/Library/Frameworks/Python.framework/Versions/3.11/lib/python3.11/site-packages/dbt/cli/requires.py", line 138, in wrapper
    result, success = func(*args, **kwargs)
                      ^^^^^^^^^^^^^^^^^^^^^
  File "/Library/Frameworks/Python.framework/Versions/3.11/lib/python3.11/site-packages/dbt/cli/requires.py", line 101, in wrapper
    return func(*args, **kwargs)
           ^^^^^^^^^^^^^^^^^^^^^
  File "/Library/Frameworks/Python.framework/Versions/3.11/lib/python3.11/site-packages/dbt/cli/main.py", line 470, in init
    results = task.run()
              ^^^^^^^^^^
  File "/Library/Frameworks/Python.framework/Versions/3.11/lib/python3.11/site-packages/dbt/task/init.py", line 347, in run
    self.setup_profile(profile_name)
  File "/Library/Frameworks/Python.framework/Versions/3.11/lib/python3.11/site-packages/dbt/task/init.py", line 263, in setup_profile
    self.create_profile_from_target(adapter, profile_name=profile_name)
  File "/Library/Frameworks/Python.framework/Versions/3.11/lib/python3.11/site-packages/dbt/task/init.py", line 180, in create_profile_from_target
    self.create_profile_from_profile_template(profile_template, profile_name)
  File "/Library/Frameworks/Python.framework/Versions/3.11/lib/python3.11/site-packages/dbt/task/init.py", line 164, in create_profile_from_profile_template
    target = self.generate_target_from_input(prompts, initial_target)
             ^^^^^^^^^^^^^^^^^^^^^^^^^^^^^^^^^^^^^^^^^^^^^^^^^^^^^^^^
  File "/Library/Frameworks/Python.framework/Versions/3.11/lib/python3.11/site-packages/dbt/task/init.py", line 117, in generate_target_from_input
    target = self.generate_target_from_input(
             ^^^^^^^^^^^^^^^^^^^^^^^^^^^^^^^^
  File "/Library/Frameworks/Python.framework/Versions/3.11/lib/python3.11/site-packages/dbt/task/init.py", line 130, in generate_target_from_input
    target[key] = click.prompt(
                  ^^^^^^^^^^^^^
  File "/Library/Frameworks/Python.framework/Versions/3.11/lib/python3.11/site-packages/click/termui.py", line 164, in prompt
    value = prompt_func(prompt)
            ^^^^^^^^^^^^^^^^^^^
  File "/Library/Frameworks/Python.framework/Versions/3.11/lib/python3.11/site-packages/click/termui.py", line 147, in prompt_func
    raise Abort() from None
click.exceptions.Abort

[0m20:18:09.046495 [debug] [MainThread]: Resource report: {"command_name": "init", "command_wall_clock_time": 431.28784, "process_user_time": 0.917677, "process_kernel_time": 0.351481, "process_mem_max_rss": "194985984", "command_success": false, "process_in_blocks": "0", "process_out_blocks": "0"}
[0m20:18:09.047607 [debug] [MainThread]: Command `dbt init` failed at 20:18:09.047441 after 431.29 seconds
[0m20:18:09.048676 [debug] [MainThread]: Sending event: {'category': 'dbt', 'action': 'invocation', 'label': 'end', 'context': [<snowplow_tracker.self_describing_json.SelfDescribingJson object at 0x106f5b2d0>, <snowplow_tracker.self_describing_json.SelfDescribingJson object at 0x106d2ed10>, <snowplow_tracker.self_describing_json.SelfDescribingJson object at 0x100c6a390>]}
[0m20:18:09.049541 [debug] [MainThread]: Flushing usage events
[0m20:25:51.010445 [debug] [MainThread]: Got an exception trying to initialize tracking


============================== 20:25:51.030458 | 7ce7e79d-36af-4374-890f-b20067843440 ==============================
[0m20:25:51.030458 [info ] [MainThread]: Running with dbt=1.8.2
[0m20:25:51.030884 [debug] [MainThread]: running dbt with arguments {'printer_width': '80', 'indirect_selection': 'eager', 'log_cache_events': 'False', 'write_json': 'True', 'partial_parse': 'True', 'cache_selected_only': 'False', 'warn_error': 'None', 'version_check': 'True', 'debug': 'False', 'log_path': 'logs', 'fail_fast': 'False', 'profiles_dir': '/Users/momen.jamil/.dbt', 'use_colors': 'True', 'use_experimental_parser': 'False', 'no_print': 'None', 'quiet': 'False', 'warn_error_options': 'WarnErrorOptions(include=[], exclude=[])', 'static_parser': 'True', 'introspect': 'True', 'invocation_command': 'dbt debug', 'target_path': 'None', 'log_format': 'default', 'send_anonymous_usage_stats': 'True'}
[0m20:25:51.038966 [info ] [MainThread]: dbt version: 1.8.2
[0m20:25:51.039151 [info ] [MainThread]: python version: 3.11.0
[0m20:25:51.039381 [info ] [MainThread]: python path: /Library/Frameworks/Python.framework/Versions/3.11/bin/python3.11
[0m20:25:51.039594 [info ] [MainThread]: os info: macOS-26.2-arm64-arm-64bit
[0m20:25:51.039788 [info ] [MainThread]: Using profiles dir at /Users/momen.jamil/.dbt
[0m20:25:51.039925 [info ] [MainThread]: Using profiles.yml file at /Users/momen.jamil/.dbt/profiles.yml
[0m20:25:51.040026 [info ] [MainThread]: Using dbt_project.yml file at /Users/momen.jamil/Olist/dbt_project.yml
[0m20:25:51.040123 [info ] [MainThread]: Configuration:
[0m20:25:51.040249 [info ] [MainThread]:   profiles.yml file [[31mERROR not found[0m]
[0m20:25:51.040362 [info ] [MainThread]:   dbt_project.yml file [[31mERROR not found[0m]
[0m20:25:51.040455 [info ] [MainThread]: Required dependencies:
[0m20:25:51.040587 [debug] [MainThread]: Executing "git --help"
[0m20:25:51.051911 [debug] [MainThread]: STDOUT: "b"usage: git [-v | --version] [-h | --help] [-C <path>] [-c <name>=<value>]\n           [--exec-path[=<path>]] [--html-path] [--man-path] [--info-path]\n           [-p | --paginate | -P | --no-pager] [--no-replace-objects] [--no-lazy-fetch]\n           [--no-optional-locks] [--no-advice] [--bare] [--git-dir=<path>]\n           [--work-tree=<path>] [--namespace=<name>] [--config-env=<name>=<envvar>]\n           <command> [<args>]\n\nThese are common Git commands used in various situations:\n\nstart a working area (see also: git help tutorial)\n   clone      Clone a repository into a new directory\n   init       Create an empty Git repository or reinitialize an existing one\n\nwork on the current change (see also: git help everyday)\n   add        Add file contents to the index\n   mv         Move or rename a file, a directory, or a symlink\n   restore    Restore working tree files\n   rm         Remove files from the working tree and from the index\n\nexamine the history and state (see also: git help revisions)\n   bisect     Use binary search to find the commit that introduced a bug\n   diff       Show changes between commits, commit and working tree, etc\n   grep       Print lines matching a pattern\n   log        Show commit logs\n   show       Show various types of objects\n   status     Show the working tree status\n\ngrow, mark and tweak your common history\n   backfill   Download missing objects in a partial clone\n   branch     List, create, or delete branches\n   commit     Record changes to the repository\n   merge      Join two or more development histories together\n   rebase     Reapply commits on top of another base tip\n   reset      Reset current HEAD to the specified state\n   switch     Switch branches\n   tag        Create, list, delete or verify a tag object signed with GPG\n\ncollaborate (see also: git help workflows)\n   fetch      Download objects and refs from another repository\n   pull       Fetch from and integrate with another repository or a local branch\n   push       Update remote refs along with associated objects\n\n'git help -a' and 'git help -g' list available subcommands and some\nconcept guides. See 'git help <command>' or 'git help <concept>'\nto read about a specific subcommand or concept.\nSee 'git help git' for an overview of the system.\n""
[0m20:25:51.052299 [debug] [MainThread]: STDERR: "b''"
[0m20:25:51.052419 [info ] [MainThread]:  - git [[32mOK found[0m]

[0m20:25:51.052533 [info ] [MainThread]: Connection test skipped since no profile was found
[0m20:25:51.052748 [info ] [MainThread]: [31m2 checks failed:[0m
[0m20:25:51.052930 [info ] [MainThread]: dbt looked for a profiles.yml file in /Users/momen.jamil/.dbt/profiles.yml, but did
not find one. For more information on configuring your profile, consult the
documentation:

https://docs.getdbt.com/docs/configure-your-profile


[0m20:25:51.053125 [info ] [MainThread]: Project loading failed for the following reason:
 project path </Users/momen.jamil/Olist/dbt_project.yml> not found

[0m20:25:51.056356 [debug] [MainThread]: Resource report: {"command_name": "debug", "command_wall_clock_time": 0.059620876, "process_user_time": 0.405223, "process_kernel_time": 0.117565, "process_mem_max_rss": "104824832", "command_success": false, "process_in_blocks": "0", "process_out_blocks": "0"}
[0m20:25:51.056719 [debug] [MainThread]: Command `dbt debug` failed at 20:25:51.056654 after 0.06 seconds
[0m20:25:51.056959 [debug] [MainThread]: Flushing usage events
[0m20:26:16.998430 [debug] [MainThread]: Got an exception trying to initialize tracking


============================== 20:26:17.014672 | 6d8b01dc-26ba-4ce6-bcb5-26ff34265a5b ==============================
[0m20:26:17.014672 [info ] [MainThread]: Running with dbt=1.8.2
[0m20:26:17.015091 [debug] [MainThread]: running dbt with arguments {'printer_width': '80', 'indirect_selection': 'eager', 'write_json': 'True', 'log_cache_events': 'False', 'partial_parse': 'True', 'cache_selected_only': 'False', 'warn_error': 'None', 'fail_fast': 'False', 'debug': 'False', 'log_path': 'logs', 'profiles_dir': '/Users/momen.jamil/.dbt', 'version_check': 'True', 'use_colors': 'True', 'use_experimental_parser': 'False', 'no_print': 'None', 'quiet': 'False', 'log_format': 'default', 'static_parser': 'True', 'invocation_command': 'dbt debug', 'introspect': 'True', 'target_path': 'None', 'warn_error_options': 'WarnErrorOptions(include=[], exclude=[])', 'send_anonymous_usage_stats': 'True'}
[0m20:26:17.021123 [info ] [MainThread]: dbt version: 1.8.2
[0m20:26:17.021266 [info ] [MainThread]: python version: 3.11.0
[0m20:26:17.021550 [info ] [MainThread]: python path: /Library/Frameworks/Python.framework/Versions/3.11/bin/python3.11
[0m20:26:17.021735 [info ] [MainThread]: os info: macOS-26.2-arm64-arm-64bit
[0m20:26:17.021872 [info ] [MainThread]: Using profiles dir at /Users/momen.jamil/.dbt
[0m20:26:17.021983 [info ] [MainThread]: Using profiles.yml file at /Users/momen.jamil/.dbt/profiles.yml
[0m20:26:17.022074 [info ] [MainThread]: Using dbt_project.yml file at /Users/momen.jamil/Olist/dbt_project.yml
[0m20:26:17.022223 [info ] [MainThread]: Configuration:
[0m20:26:17.022325 [info ] [MainThread]:   profiles.yml file [[31mERROR not found[0m]
[0m20:26:17.022419 [info ] [MainThread]:   dbt_project.yml file [[31mERROR not found[0m]
[0m20:26:17.022506 [info ] [MainThread]: Required dependencies:
[0m20:26:17.022643 [debug] [MainThread]: Executing "git --help"
[0m20:26:17.042575 [debug] [MainThread]: STDOUT: "b"usage: git [-v | --version] [-h | --help] [-C <path>] [-c <name>=<value>]\n           [--exec-path[=<path>]] [--html-path] [--man-path] [--info-path]\n           [-p | --paginate | -P | --no-pager] [--no-replace-objects] [--no-lazy-fetch]\n           [--no-optional-locks] [--no-advice] [--bare] [--git-dir=<path>]\n           [--work-tree=<path>] [--namespace=<name>] [--config-env=<name>=<envvar>]\n           <command> [<args>]\n\nThese are common Git commands used in various situations:\n\nstart a working area (see also: git help tutorial)\n   clone      Clone a repository into a new directory\n   init       Create an empty Git repository or reinitialize an existing one\n\nwork on the current change (see also: git help everyday)\n   add        Add file contents to the index\n   mv         Move or rename a file, a directory, or a symlink\n   restore    Restore working tree files\n   rm         Remove files from the working tree and from the index\n\nexamine the history and state (see also: git help revisions)\n   bisect     Use binary search to find the commit that introduced a bug\n   diff       Show changes between commits, commit and working tree, etc\n   grep       Print lines matching a pattern\n   log        Show commit logs\n   show       Show various types of objects\n   status     Show the working tree status\n\ngrow, mark and tweak your common history\n   backfill   Download missing objects in a partial clone\n   branch     List, create, or delete branches\n   commit     Record changes to the repository\n   merge      Join two or more development histories together\n   rebase     Reapply commits on top of another base tip\n   reset      Reset current HEAD to the specified state\n   switch     Switch branches\n   tag        Create, list, delete or verify a tag object signed with GPG\n\ncollaborate (see also: git help workflows)\n   fetch      Download objects and refs from another repository\n   pull       Fetch from and integrate with another repository or a local branch\n   push       Update remote refs along with associated objects\n\n'git help -a' and 'git help -g' list available subcommands and some\nconcept guides. See 'git help <command>' or 'git help <concept>'\nto read about a specific subcommand or concept.\nSee 'git help git' for an overview of the system.\n""
[0m20:26:17.044515 [debug] [MainThread]: STDERR: "b''"
[0m20:26:17.045528 [info ] [MainThread]:  - git [[32mOK found[0m]

[0m20:26:17.046402 [info ] [MainThread]: Connection test skipped since no profile was found
[0m20:26:17.046874 [info ] [MainThread]: [31m2 checks failed:[0m
[0m20:26:17.047272 [info ] [MainThread]: dbt looked for a profiles.yml file in /Users/momen.jamil/.dbt/profiles.yml, but did
not find one. For more information on configuring your profile, consult the
documentation:

https://docs.getdbt.com/docs/configure-your-profile


[0m20:26:17.047418 [info ] [MainThread]: Project loading failed for the following reason:
 project path </Users/momen.jamil/Olist/dbt_project.yml> not found

[0m20:26:17.049858 [debug] [MainThread]: Resource report: {"command_name": "debug", "command_wall_clock_time": 0.06529121, "process_user_time": 0.406149, "process_kernel_time": 0.109984, "process_mem_max_rss": "105791488", "command_success": false, "process_in_blocks": "0", "process_out_blocks": "0"}
[0m20:26:17.050580 [debug] [MainThread]: Command `dbt debug` failed at 20:26:17.050295 after 0.07 seconds
[0m20:26:17.052963 [debug] [MainThread]: Flushing usage events
